2024-12-05 03:24:14.454 [info] [main] Log level: Info
2024-12-05 03:24:14.454 [info] [main] Validating found git in: "git"
2024-12-05 03:24:14.454 [info] [main] Using git "2.40.1" from "git"
2024-12-05 03:24:14.454 [info] [Model][doInitialScan] Initial repository scan started
2024-12-05 03:24:14.454 [info] > git rev-parse --show-toplevel [16ms]
2024-12-05 03:24:14.454 [info] fatal: not a git repository (or any of the parent directories): .git
2024-12-05 03:24:14.456 [info] > git rev-parse --show-toplevel [3ms]
2024-12-05 03:24:14.465 [info] > git rev-parse --git-dir --git-common-dir [2ms]
2024-12-05 03:24:14.482 [info] [Model][openRepository] Opened repository: /home/ec2-user/dev
2024-12-05 03:24:14.507 [info] > git config --get commit.template [3ms]
2024-12-05 03:24:14.510 [info] > git rev-parse --show-toplevel [5ms]
2024-12-05 03:24:14.511 [info] fatal: not a git repository (or any of the parent directories): .git
2024-12-05 03:24:14.615 [info] > git rev-parse --show-toplevel [98ms]
2024-12-05 03:24:14.622 [info] fatal: not a git repository (or any of the parent directories): .git
2024-12-05 03:24:14.623 [info] > git for-each-ref --format=%(refname)%00%(upstream:short)%00%(objectname)%00%(upstream:track)%00%(upstream:remotename)%00%(upstream:remoteref) refs/heads/main refs/remotes/main [113ms]
2024-12-05 03:24:14.692 [info] > git status -z -uall [61ms]
2024-12-05 03:24:14.698 [info] > git rev-parse --show-toplevel [73ms]
2024-12-05 03:24:14.698 [info] fatal: not a git repository (or any of the parent directories): .git
2024-12-05 03:24:14.713 [info] > git for-each-ref --sort -committerdate --format %(refname) %(objectname) %(*objectname) [68ms]
2024-12-05 03:24:14.741 [info] > git for-each-ref --format=%(refname)%00%(upstream:short)%00%(objectname)%00%(upstream:track)%00%(upstream:remotename)%00%(upstream:remoteref) refs/heads/main refs/remotes/main [15ms]
2024-12-05 03:24:14.750 [info] > git rev-parse --show-toplevel [37ms]
2024-12-05 03:24:14.750 [info] fatal: not a git repository (or any of the parent directories): .git
2024-12-05 03:24:14.754 [info] > git config --get commit.template [14ms]
2024-12-05 03:24:14.754 [info] > git config --local branch.main.vscode-merge-base [5ms]
2024-12-05 03:24:14.754 [warning] [Git][config] git config failed: Failed to execute git
2024-12-05 03:24:14.764 [info] > git rev-parse --show-toplevel [10ms]
2024-12-05 03:24:14.764 [info] fatal: not a git repository (or any of the parent directories): .git
2024-12-05 03:24:14.767 [info] [Model][doInitialScan] Initial repository scan completed - repositories (1), closed repositories (0), parent repositories (0), unsafe repositories (0)
2024-12-05 03:24:14.773 [info] > git for-each-ref --format=%(refname)%00%(upstream:short)%00%(objectname)%00%(upstream:track)%00%(upstream:remotename)%00%(upstream:remoteref) refs/heads/main refs/remotes/main [10ms]
2024-12-05 03:24:14.774 [info] > git reflog main --grep-reflog=branch: Created from *. [16ms]
2024-12-05 03:24:14.790 [info] > git status -z -uall [4ms]
2024-12-05 03:24:14.790 [info] > git symbolic-ref --short refs/remotes/origin/HEAD [7ms]
2024-12-05 03:24:14.790 [info] fatal: ref refs/remotes/origin/HEAD is not a symbolic ref
2024-12-05 03:24:14.790 [warning] [Repository][getDefaultBranch] Failed to get default branch details: Failed to execute git.
2024-12-05 03:24:14.815 [info] > git merge-base refs/heads/main refs/remotes/origin/main [22ms]
2024-12-05 03:24:14.823 [info] > git for-each-ref --sort -committerdate --format %(refname) %(objectname) %(*objectname) [34ms]
2024-12-05 03:24:14.828 [info] > git diff --name-status -z --diff-filter=ADMR f3eb504f92aad5a0c9228fb077488f3450ab9f81...refs/remotes/origin/main [5ms]
2024-12-05 03:24:14.833 [info] > git merge-base refs/heads/main refs/remotes/origin/main [4ms]
2024-12-05 03:24:14.850 [info] > git diff --name-status -z --diff-filter=ADMR f3eb504f92aad5a0c9228fb077488f3450ab9f81...refs/remotes/origin/main [7ms]
2024-12-05 03:24:15.109 [info] > git check-ignore -v -z --stdin [2ms]
2024-12-05 03:24:15.132 [info] > git show --textconv :src/main/webapp/index.jsp [15ms]
2024-12-05 03:24:15.139 [info] > git ls-files --stage -- /home/ec2-user/dev/src/main/webapp/index.jsp [18ms]
2024-12-05 03:24:15.147 [info] > git cat-file -s b04aca142f6ff86274c0ed9c517be49ebd46c3e0 [7ms]
2024-12-05 03:25:18.968 [info] > git config --get commit.template [3ms]
2024-12-05 03:25:18.970 [info] > git for-each-ref --format=%(refname)%00%(upstream:short)%00%(objectname)%00%(upstream:track)%00%(upstream:remotename)%00%(upstream:remoteref) refs/heads/main refs/remotes/main [3ms]
2024-12-05 03:25:18.977 [info] > git status -z -uall [5ms]
2024-12-05 03:25:18.979 [info] > git for-each-ref --sort -committerdate --format %(refname) %(objectname) %(*objectname) [2ms]
2024-12-05 03:25:36.868 [info] > git config --get commit.template [4ms]
2024-12-05 03:25:36.871 [info] > git for-each-ref --format=%(refname)%00%(upstream:short)%00%(objectname)%00%(upstream:track)%00%(upstream:remotename)%00%(upstream:remoteref) refs/heads/main refs/remotes/main [4ms]
2024-12-05 03:25:36.877 [info] > git status -z -uall [4ms]
2024-12-05 03:25:36.879 [info] > git for-each-ref --sort -committerdate --format %(refname) %(objectname) %(*objectname) [2ms]
2024-12-05 03:25:41.891 [info] > git config --get commit.template [6ms]
2024-12-05 03:25:41.893 [info] > git for-each-ref --format=%(refname)%00%(upstream:short)%00%(objectname)%00%(upstream:track)%00%(upstream:remotename)%00%(upstream:remoteref) refs/heads/main refs/remotes/main [2ms]
2024-12-05 03:25:41.899 [info] > git status -z -uall [4ms]
2024-12-05 03:25:41.901 [info] > git for-each-ref --sort -committerdate --format %(refname) %(objectname) %(*objectname) [3ms]
2024-12-05 03:25:46.910 [info] > git config --get commit.template [3ms]
2024-12-05 03:25:46.912 [info] > git for-each-ref --format=%(refname)%00%(upstream:short)%00%(objectname)%00%(upstream:track)%00%(upstream:remotename)%00%(upstream:remoteref) refs/heads/main refs/remotes/main [2ms]
2024-12-05 03:25:46.918 [info] > git status -z -uall [4ms]
2024-12-05 03:25:46.920 [info] > git for-each-ref --sort -committerdate --format %(refname) %(objectname) %(*objectname) [2ms]
2024-12-05 03:25:54.859 [info] > git config --get commit.template [6ms]
2024-12-05 03:25:54.860 [info] > git for-each-ref --format=%(refname)%00%(upstream:short)%00%(objectname)%00%(upstream:track)%00%(upstream:remotename)%00%(upstream:remoteref) refs/heads/main refs/remotes/main [2ms]
2024-12-05 03:25:54.866 [info] > git status -z -uall [3ms]
2024-12-05 03:25:54.873 [info] > git for-each-ref --sort -committerdate --format %(refname) %(objectname) %(*objectname) [7ms]
2024-12-05 03:25:59.881 [info] > git config --get commit.template [3ms]
2024-12-05 03:25:59.882 [info] > git for-each-ref --format=%(refname)%00%(upstream:short)%00%(objectname)%00%(upstream:track)%00%(upstream:remotename)%00%(upstream:remoteref) refs/heads/main refs/remotes/main [2ms]
2024-12-05 03:25:59.888 [info] > git status -z -uall [3ms]
2024-12-05 03:25:59.891 [info] > git for-each-ref --sort -committerdate --format %(refname) %(objectname) %(*objectname) [2ms]
2024-12-05 03:26:15.974 [info] > git config --get commit.template [4ms]
2024-12-05 03:26:15.976 [info] > git for-each-ref --format=%(refname)%00%(upstream:short)%00%(objectname)%00%(upstream:track)%00%(upstream:remotename)%00%(upstream:remoteref) refs/heads/main refs/remotes/main [2ms]
2024-12-05 03:26:15.982 [info] > git status -z -uall [5ms]
2024-12-05 03:26:15.986 [info] > git for-each-ref --sort -committerdate --format %(refname) %(objectname) %(*objectname) [3ms]
2024-12-05 03:26:20.995 [info] > git config --get commit.template [4ms]
2024-12-05 03:26:20.997 [info] > git for-each-ref --format=%(refname)%00%(upstream:short)%00%(objectname)%00%(upstream:track)%00%(upstream:remotename)%00%(upstream:remoteref) refs/heads/main refs/remotes/main [3ms]
2024-12-05 03:26:21.003 [info] > git status -z -uall [4ms]
2024-12-05 03:26:21.006 [info] > git for-each-ref --sort -committerdate --format %(refname) %(objectname) %(*objectname) [3ms]
2024-12-05 03:30:42.084 [info] > git show --textconv :buildspec.yml [5ms]
2024-12-05 03:30:42.086 [info] > git ls-files --stage -- /home/ec2-user/dev/buildspec.yml [3ms]
2024-12-05 03:30:42.089 [info] > git cat-file -s bc484f737f2ed4060d31df037d023abea4c0bc86 [1ms]
2024-12-05 03:37:51.258 [info] > git show --textconv :src/main/webapp/index.jsp [5ms]
2024-12-05 03:37:51.260 [info] > git ls-files --stage -- /home/ec2-user/dev/src/main/webapp/index.jsp [3ms]
2024-12-05 03:37:51.264 [info] > git cat-file -s b04aca142f6ff86274c0ed9c517be49ebd46c3e0 [3ms]
2024-12-05 03:38:01.482 [info] > git config --get commit.template [3ms]
2024-12-05 03:38:01.484 [info] > git for-each-ref --format=%(refname)%00%(upstream:short)%00%(objectname)%00%(upstream:track)%00%(upstream:remotename)%00%(upstream:remoteref) refs/heads/main refs/remotes/main [2ms]
2024-12-05 03:38:01.490 [info] > git status -z -uall [4ms]
2024-12-05 03:38:01.492 [info] > git for-each-ref --sort -committerdate --format %(refname) %(objectname) %(*objectname) [3ms]
2024-12-05 03:38:06.501 [info] > git config --get commit.template [4ms]
2024-12-05 03:38:06.503 [info] > git for-each-ref --format=%(refname)%00%(upstream:short)%00%(objectname)%00%(upstream:track)%00%(upstream:remotename)%00%(upstream:remoteref) refs/heads/main refs/remotes/main [3ms]
2024-12-05 03:38:06.509 [info] > git status -z -uall [4ms]
2024-12-05 03:38:06.511 [info] > git for-each-ref --sort -committerdate --format %(refname) %(objectname) %(*objectname) [3ms]
2024-12-05 03:38:11.520 [info] > git config --get commit.template [4ms]
2024-12-05 03:38:11.523 [info] > git for-each-ref --format=%(refname)%00%(upstream:short)%00%(objectname)%00%(upstream:track)%00%(upstream:remotename)%00%(upstream:remoteref) refs/heads/main refs/remotes/main [3ms]
2024-12-05 03:38:11.528 [info] > git status -z -uall [4ms]
2024-12-05 03:38:11.530 [info] > git for-each-ref --sort -committerdate --format %(refname) %(objectname) %(*objectname) [2ms]
2024-12-05 03:38:11.922 [info] > git check-ignore -v -z --stdin [3ms]
