2024-12-05 03:41:39.833 [info] [main] Log level: Info
2024-12-05 03:41:39.833 [info] [main] Validating found git in: "git"
2024-12-05 03:41:39.833 [info] [main] Using git "2.40.1" from "git"
2024-12-05 03:41:39.833 [info] [Model][doInitialScan] Initial repository scan started
2024-12-05 03:41:39.833 [info] > git rev-parse --show-toplevel [5ms]
2024-12-05 03:41:39.833 [info] fatal: not a git repository (or any of the parent directories): .git
2024-12-05 03:41:39.833 [info] > git rev-parse --show-toplevel [9ms]
2024-12-05 03:41:39.833 [info] > git rev-parse --git-dir --git-common-dir [12ms]
2024-12-05 03:41:39.833 [info] [Model][openRepository] Opened repository: /home/ec2-user/dev
2024-12-05 03:41:39.833 [info] > git config --get commit.template [73ms]
2024-12-05 03:41:39.833 [info] > git rev-parse --show-toplevel [51ms]
2024-12-05 03:41:39.833 [info] fatal: not a git repository (or any of the parent directories): .git
2024-12-05 03:41:39.833 [info] > git for-each-ref --format=%(refname)%00%(upstream:short)%00%(objectname)%00%(upstream:track)%00%(upstream:remotename)%00%(upstream:remoteref) refs/heads/main refs/remotes/main [5ms]
2024-12-05 03:41:39.833 [info] > git rev-parse --show-toplevel [8ms]
2024-12-05 03:41:39.833 [info] fatal: not a git repository (or any of the parent directories): .git
2024-12-05 03:41:39.846 [info] > git status -z -uall [10ms]
2024-12-05 03:41:39.848 [info] > git rev-parse --show-toplevel [15ms]
2024-12-05 03:41:39.848 [info] fatal: not a git repository (or any of the parent directories): .git
2024-12-05 03:41:39.853 [info] > git for-each-ref --sort -committerdate --format %(refname) %(objectname) %(*objectname) [8ms]
2024-12-05 03:41:39.946 [info] > git for-each-ref --format=%(refname)%00%(upstream:short)%00%(objectname)%00%(upstream:track)%00%(upstream:remotename)%00%(upstream:remoteref) refs/heads/main refs/remotes/main [77ms]
2024-12-05 03:41:39.964 [info] > git rev-parse --show-toplevel [110ms]
2024-12-05 03:41:39.964 [info] fatal: not a git repository (or any of the parent directories): .git
2024-12-05 03:41:39.969 [info] > git config --get commit.template [82ms]
2024-12-05 03:41:39.969 [info] > git config --local branch.main.vscode-merge-base [6ms]
2024-12-05 03:41:39.970 [warning] [Git][config] git config failed: Failed to execute git
2024-12-05 03:41:39.977 [info] > git rev-parse --show-toplevel [9ms]
2024-12-05 03:41:39.977 [info] fatal: not a git repository (or any of the parent directories): .git
2024-12-05 03:41:39.980 [info] [Model][doInitialScan] Initial repository scan completed - repositories (1), closed repositories (0), parent repositories (0), unsafe repositories (0)
2024-12-05 03:41:39.983 [info] > git for-each-ref --format=%(refname)%00%(upstream:short)%00%(objectname)%00%(upstream:track)%00%(upstream:remotename)%00%(upstream:remoteref) refs/heads/main refs/remotes/main [5ms]
2024-12-05 03:41:39.992 [info] > git reflog main --grep-reflog=branch: Created from *. [20ms]
2024-12-05 03:41:40.005 [info] > git status -z -uall [9ms]
2024-12-05 03:41:40.005 [info] > git for-each-ref --sort -committerdate --format %(refname) %(objectname) %(*objectname) [6ms]
2024-12-05 03:41:40.013 [info] > git symbolic-ref --short refs/remotes/origin/HEAD [20ms]
2024-12-05 03:41:40.018 [info] fatal: ref refs/remotes/origin/HEAD is not a symbolic ref
2024-12-05 03:41:40.018 [warning] [Repository][getDefaultBranch] Failed to get default branch details: Failed to execute git.
2024-12-05 03:41:40.082 [info] > git merge-base refs/heads/main refs/remotes/origin/main [59ms]
2024-12-05 03:41:40.104 [info] > git for-each-ref --format=%(refname)%00%(upstream:short)%00%(objectname)%00%(upstream:track)%00%(upstream:remotename)%00%(upstream:remoteref) refs/heads/main refs/remotes/main [92ms]
2024-12-05 03:41:40.125 [info] > git diff --name-status -z --diff-filter=ADMR f3eb504f92aad5a0c9228fb077488f3450ab9f81...refs/remotes/origin/main [21ms]
2024-12-05 03:41:40.126 [info] > git config --local branch.main.vscode-merge-base [15ms]
2024-12-05 03:41:40.126 [warning] [Git][config] git config failed: Failed to execute git
2024-12-05 03:41:40.142 [info] > git reflog main --grep-reflog=branch: Created from *. [13ms]
2024-12-05 03:41:40.163 [info] > git symbolic-ref --short refs/remotes/origin/HEAD [9ms]
2024-12-05 03:41:40.163 [info] fatal: ref refs/remotes/origin/HEAD is not a symbolic ref
2024-12-05 03:41:40.163 [warning] [Repository][getDefaultBranch] Failed to get default branch details: Failed to execute git.
2024-12-05 03:41:40.272 [info] > git check-ignore -v -z --stdin [3ms]
2024-12-05 03:41:40.505 [info] > git show --textconv :src/main/webapp/index.jsp [13ms]
2024-12-05 03:41:40.515 [info] > git ls-files --stage -- /home/ec2-user/dev/src/main/webapp/index.jsp [18ms]
2024-12-05 03:41:40.521 [info] > git cat-file -s b04aca142f6ff86274c0ed9c517be49ebd46c3e0 [4ms]
2024-12-05 03:50:07.786 [info] > git rev-parse --show-toplevel [3ms]
2024-12-05 03:50:07.786 [info] fatal: not a git repository (or any of the parent directories): .git
2024-12-05 04:01:58.524 [info] > git check-ignore -v -z --stdin [2ms]
2024-12-05 04:01:58.764 [info] > git config --get commit.template [5ms]
2024-12-05 04:01:58.767 [info] > git for-each-ref --format=%(refname)%00%(upstream:short)%00%(objectname)%00%(upstream:track)%00%(upstream:remotename)%00%(upstream:remoteref) refs/heads/main refs/remotes/main [3ms]
2024-12-05 04:01:58.776 [info] > git status -z -uall [4ms]
2024-12-05 04:01:58.779 [info] > git for-each-ref --sort -committerdate --format %(refname) %(objectname) %(*objectname) [4ms]
2024-12-05 04:16:57.957 [info] > git config --get commit.template [3ms]
2024-12-05 04:16:57.959 [info] > git for-each-ref --format=%(refname)%00%(upstream:short)%00%(objectname)%00%(upstream:track)%00%(upstream:remotename)%00%(upstream:remoteref) refs/heads/main refs/remotes/main [2ms]
2024-12-05 04:16:57.965 [info] > git status -z -uall [4ms]
2024-12-05 04:16:57.967 [info] > git for-each-ref --sort -committerdate --format %(refname) %(objectname) %(*objectname) [2ms]
2024-12-05 04:17:08.959 [info] > git config --get commit.template [4ms]
2024-12-05 04:17:08.963 [info] > git for-each-ref --format=%(refname)%00%(upstream:short)%00%(objectname)%00%(upstream:track)%00%(upstream:remotename)%00%(upstream:remoteref) refs/heads/main refs/remotes/main [6ms]
2024-12-05 04:17:08.969 [info] > git status -z -uall [5ms]
2024-12-05 04:17:08.971 [info] > git for-each-ref --sort -committerdate --format %(refname) %(objectname) %(*objectname) [3ms]
2024-12-05 04:19:11.059 [info] > git config --get commit.template [5ms]
2024-12-05 04:19:11.061 [info] > git for-each-ref --format=%(refname)%00%(upstream:short)%00%(objectname)%00%(upstream:track)%00%(upstream:remotename)%00%(upstream:remoteref) refs/heads/main refs/remotes/main [2ms]
2024-12-05 04:19:11.067 [info] > git status -z -uall [4ms]
2024-12-05 04:19:11.069 [info] > git for-each-ref --sort -committerdate --format %(refname) %(objectname) %(*objectname) [2ms]
2024-12-05 04:19:11.076 [info] > git merge-base refs/heads/main refs/remotes/origin/main [3ms]
2024-12-05 04:19:11.080 [info] > git diff --name-status -z --diff-filter=ADMR f3eb504f92aad5a0c9228fb077488f3450ab9f81...refs/remotes/origin/main [2ms]
2024-12-05 04:19:11.215 [info] > git ls-files --stage -- /home/ec2-user/dev/src/main/webapp/index.jsp [2ms]
2024-12-05 04:19:11.218 [info] > git cat-file -s 8122141cb7a5f94078e04cd3e3671957e6e754bc [1ms]
2024-12-05 04:19:11.427 [info] > git show --textconv :src/main/webapp/index.jsp [2ms]
2024-12-05 04:41:13.795 [info] > git config --get commit.template [4ms]
2024-12-05 04:41:13.798 [info] > git for-each-ref --format=%(refname)%00%(upstream:short)%00%(objectname)%00%(upstream:track)%00%(upstream:remotename)%00%(upstream:remoteref) refs/heads/main refs/remotes/main [4ms]
2024-12-05 04:41:13.804 [info] > git status -z -uall [4ms]
2024-12-05 04:41:13.806 [info] > git for-each-ref --sort -committerdate --format %(refname) %(objectname) %(*objectname) [3ms]
2024-12-05 04:45:32.912 [info] > git config --get commit.template [4ms]
2024-12-05 04:45:32.914 [info] > git for-each-ref --format=%(refname)%00%(upstream:short)%00%(objectname)%00%(upstream:track)%00%(upstream:remotename)%00%(upstream:remoteref) refs/heads/main refs/remotes/main [3ms]
2024-12-05 04:45:32.919 [info] > git status -z -uall [3ms]
2024-12-05 04:45:32.927 [info] > git for-each-ref --sort -committerdate --format %(refname) %(objectname) %(*objectname) [8ms]
2024-12-05 04:45:33.132 [info] > git ls-files --stage -- /home/ec2-user/dev/src/main/webapp/index.jsp [2ms]
2024-12-05 04:45:33.137 [info] > git cat-file -s 8122141cb7a5f94078e04cd3e3671957e6e754bc [2ms]
2024-12-05 04:45:33.329 [info] > git show --textconv :src/main/webapp/index.jsp [3ms]
2024-12-05 05:04:54.367 [info] > git check-ignore -v -z --stdin [2ms]
2024-12-05 05:04:57.387 [info] > git config --get commit.template [4ms]
2024-12-05 05:04:57.389 [info] > git for-each-ref --format=%(refname)%00%(upstream:short)%00%(objectname)%00%(upstream:track)%00%(upstream:remotename)%00%(upstream:remoteref) refs/heads/main refs/remotes/main [2ms]
2024-12-05 05:04:57.395 [info] > git status -z -uall [4ms]
2024-12-05 05:04:57.397 [info] > git for-each-ref --sort -committerdate --format %(refname) %(objectname) %(*objectname) [3ms]
2024-12-05 05:05:41.438 [info] > git show --textconv :src/main/webapp/index.jsp [4ms]
2024-12-05 05:05:41.442 [info] > git ls-files --stage -- /home/ec2-user/dev/src/main/webapp/index.jsp [4ms]
2024-12-05 05:05:41.445 [info] > git cat-file -s 8122141cb7a5f94078e04cd3e3671957e6e754bc [2ms]
2024-12-05 05:05:42.245 [info] > git config --get commit.template [3ms]
2024-12-05 05:05:42.247 [info] > git for-each-ref --format=%(refname)%00%(upstream:short)%00%(objectname)%00%(upstream:track)%00%(upstream:remotename)%00%(upstream:remoteref) refs/heads/main refs/remotes/main [2ms]
2024-12-05 05:05:42.253 [info] > git status -z -uall [4ms]
2024-12-05 05:05:42.256 [info] > git for-each-ref --sort -committerdate --format %(refname) %(objectname) %(*objectname) [4ms]
2024-12-05 05:06:00.463 [info] > git check-ignore -v -z --stdin [3ms]
2024-12-05 05:06:03.803 [info] > git config --get commit.template [4ms]
2024-12-05 05:06:03.804 [info] > git for-each-ref --format=%(refname)%00%(upstream:short)%00%(objectname)%00%(upstream:track)%00%(upstream:remotename)%00%(upstream:remoteref) refs/heads/main refs/remotes/main [2ms]
2024-12-05 05:06:03.811 [info] > git status -z -uall [3ms]
2024-12-05 05:06:03.813 [info] > git for-each-ref --sort -committerdate --format %(refname) %(objectname) %(*objectname) [3ms]
2024-12-05 05:06:04.147 [info] > git check-ignore -v -z --stdin [1ms]
2024-12-05 05:06:22.233 [info] > git config --get commit.template [4ms]
2024-12-05 05:06:22.235 [info] > git for-each-ref --format=%(refname)%00%(upstream:short)%00%(objectname)%00%(upstream:track)%00%(upstream:remotename)%00%(upstream:remoteref) refs/heads/main refs/remotes/main [2ms]
2024-12-05 05:06:22.241 [info] > git status -z -uall [4ms]
2024-12-05 05:06:22.243 [info] > git for-each-ref --sort -committerdate --format %(refname) %(objectname) %(*objectname) [3ms]
2024-12-05 05:07:07.030 [info] > git config --get commit.template [4ms]
2024-12-05 05:07:07.031 [info] > git for-each-ref --format=%(refname)%00%(upstream:short)%00%(objectname)%00%(upstream:track)%00%(upstream:remotename)%00%(upstream:remoteref) refs/heads/main refs/remotes/main [2ms]
2024-12-05 05:07:07.037 [info] > git status -z -uall [3ms]
2024-12-05 05:07:07.040 [info] > git for-each-ref --sort -committerdate --format %(refname) %(objectname) %(*objectname) [2ms]
2024-12-05 05:08:35.307 [info] > git check-ignore -v -z --stdin [2ms]
2024-12-05 05:08:41.038 [info] > git config --get commit.template [4ms]
2024-12-05 05:08:41.039 [info] > git for-each-ref --format=%(refname)%00%(upstream:short)%00%(objectname)%00%(upstream:track)%00%(upstream:remotename)%00%(upstream:remoteref) refs/heads/main refs/remotes/main [2ms]
2024-12-05 05:08:41.046 [info] > git status -z -uall [4ms]
2024-12-05 05:08:41.048 [info] > git for-each-ref --sort -committerdate --format %(refname) %(objectname) %(*objectname) [2ms]
2024-12-05 05:08:52.965 [info] > git show --textconv :src/main/webapp/Richard-main/index.html [4ms]
2024-12-05 05:08:52.967 [info] > git ls-files --stage -- /home/ec2-user/dev/src/main/webapp/Richard-main/index.html [3ms]
2024-12-05 05:09:08.804 [info] > git show --textconv :src/main/webapp/index.jsp [7ms]
2024-12-05 05:09:08.806 [info] > git ls-files --stage -- /home/ec2-user/dev/src/main/webapp/index.jsp [4ms]
2024-12-05 05:09:08.808 [info] > git cat-file -s 8122141cb7a5f94078e04cd3e3671957e6e754bc [1ms]
2024-12-05 05:09:56.175 [info] > git show --textconv :src/main/webapp/Richard-main/index.html [6ms]
2024-12-05 05:09:56.180 [info] > git ls-files --stage -- /home/ec2-user/dev/src/main/webapp/Richard-main/index.html [8ms]
2024-12-05 05:10:38.795 [info] > git config --get commit.template [4ms]
2024-12-05 05:10:38.802 [info] > git for-each-ref --format=%(refname)%00%(upstream:short)%00%(objectname)%00%(upstream:track)%00%(upstream:remotename)%00%(upstream:remoteref) refs/heads/main refs/remotes/main [8ms]
2024-12-05 05:10:38.808 [info] > git status -z -uall [3ms]
2024-12-05 05:10:38.810 [info] > git for-each-ref --sort -committerdate --format %(refname) %(objectname) %(*objectname) [2ms]
2024-12-05 05:10:38.827 [info] > git merge-base refs/heads/main refs/remotes/origin/main [4ms]
2024-12-05 05:10:38.833 [info] > git diff --name-status -z --diff-filter=ADMR f3eb504f92aad5a0c9228fb077488f3450ab9f81...refs/remotes/origin/main [2ms]
2024-12-05 05:10:38.987 [info] > git ls-files --stage -- /home/ec2-user/dev/src/main/webapp/Richard-main/index.html [2ms]
2024-12-05 05:10:38.990 [info] > git cat-file -s 2c63e9ceea3b806ae0e3aa8ef1fedea85af19334 [1ms]
2024-12-05 05:10:39.157 [info] > git show --textconv :src/main/webapp/Richard-main/index.html [3ms]
2024-12-05 05:43:50.324 [info] > git show --textconv :scripts/install_dependencies.sh [4ms]
2024-12-05 05:43:50.328 [info] > git ls-files --stage -- /home/ec2-user/dev/scripts/install_dependencies.sh [5ms]
2024-12-05 05:43:50.331 [info] > git cat-file -s b2e1f26a5b13055377726c9deb36dfa5f4e8d996 [2ms]
2024-12-05 05:43:52.690 [info] > git show --textconv :scripts/start_server.sh [4ms]
2024-12-05 05:43:52.692 [info] > git ls-files --stage -- /home/ec2-user/dev/scripts/start_server.sh [3ms]
2024-12-05 05:43:52.695 [info] > git cat-file -s 0a0c405aa0e23af9b33ade30620fdd9fa39cd881 [2ms]
2024-12-05 05:43:56.872 [info] > git show --textconv :appspec.yml [3ms]
2024-12-05 05:43:56.874 [info] > git ls-files --stage -- /home/ec2-user/dev/appspec.yml [2ms]
2024-12-05 05:43:56.878 [info] > git cat-file -s 5d04bd6921a9e4a0fee6f65321bb869db5e71e88 [3ms]
2024-12-05 05:52:17.637 [info] > git show --textconv :buildspec.yml [4ms]
2024-12-05 05:52:17.640 [info] > git ls-files --stage -- /home/ec2-user/dev/buildspec.yml [3ms]
2024-12-05 05:52:17.642 [info] > git cat-file -s bc484f737f2ed4060d31df037d023abea4c0bc86 [1ms]
2024-12-05 06:31:40.336 [info] > git rev-parse --show-toplevel [4ms]
2024-12-05 06:31:40.346 [info] > git rev-parse --git-dir --git-common-dir [2ms]
2024-12-05 06:31:40.359 [info] [Model][openRepository] Opened repository: /home/ec2-user
2024-12-05 06:31:40.374 [info] [Git][getRemotes] No remotes found in the git config file
2024-12-05 06:31:40.375 [info] > git config --get commit.template [9ms]
2024-12-05 06:31:40.376 [info] > git for-each-ref --format=%(refname)%00%(upstream:short)%00%(objectname)%00%(upstream:track)%00%(upstream:remotename)%00%(upstream:remoteref) refs/heads/master refs/remotes/master [2ms]
2024-12-05 06:31:40.376 [warning] [Git][getBranch] No such branch: master
2024-12-05 06:31:40.395 [info] > git for-each-ref --sort -committerdate --format %(refname) %(objectname) %(*objectname) [1ms]
2024-12-05 06:31:40.417 [info] > git status -z -uall [37ms]
2024-12-05 06:31:41.219 [info] > git for-each-ref --format=%(refname)%00%(upstream:short)%00%(objectname)%00%(upstream:track)%00%(upstream:remotename)%00%(upstream:remoteref) refs/heads/master refs/remotes/master [712ms]
2024-12-05 06:31:41.220 [warning] [Git][getBranch] No such branch: master
2024-12-05 06:31:41.224 [error] [GitHistoryProvider][resolveHEADMergeBase] Failed to resolve merge base for master: Error: No such branch: master.
2024-12-05 06:31:41.262 [info] > git config --get commit.template [101ms]
2024-12-05 06:31:41.267 [info] [Git][getRemotes] No remotes found in the git config file
2024-12-05 06:31:41.276 [info] > git for-each-ref --format=%(refname)%00%(upstream:short)%00%(objectname)%00%(upstream:track)%00%(upstream:remotename)%00%(upstream:remoteref) refs/heads/master refs/remotes/master [10ms]
2024-12-05 06:31:41.276 [warning] [Git][getBranch] No such branch: master
2024-12-05 06:31:41.299 [info] > git for-each-ref --sort -committerdate --format %(refname) %(objectname) %(*objectname) [16ms]
2024-12-05 06:31:41.323 [info] > git status -z -uall [44ms]
2024-12-05 06:31:41.774 [info] > git check-ignore -v -z --stdin [4ms]
2024-12-05 06:31:41.782 [info] > git check-ignore -v -z --stdin [9ms]
